<?xml version="1.0" encoding="UTF-8"?>
<coverage generated="1741868755138" clover="3.2.0">
  <project timestamp="1741868755138" name="All files">
    <metrics statements="30" coveredstatements="29" conditionals="14" coveredconditionals="11" methods="5" coveredmethods="5" elements="49" coveredelements="45" complexity="0" loc="30" ncloc="30" packages="1" files="2" classes="2"/>
    <file name="elasticsearch.js" path="/Users/dani.widodo/Documents/repos/node-elasticsearch-kibana/elasticsearch.js">
      <metrics statements="11" coveredstatements="11" conditionals="6" coveredconditionals="4" methods="2" coveredmethods="2"/>
      <line num="2" count="1" type="stmt"/>
      <line num="4" count="1" type="stmt"/>
      <line num="6" count="1" type="stmt"/>
      <line num="7" count="1" type="cond" truecount="1" falsecount="1"/>
      <line num="8" count="1" type="stmt"/>
      <line num="12" count="1" type="stmt"/>
      <line num="15" count="1" type="stmt"/>
      <line num="16" count="1" type="cond" truecount="1" falsecount="1"/>
      <line num="17" count="1" type="stmt"/>
      <line num="18" count="1" type="stmt"/>
      <line num="22" count="1" type="stmt"/>
    </file>
    <file name="server.js" path="/Users/dani.widodo/Documents/repos/node-elasticsearch-kibana/server.js">
      <metrics statements="19" coveredstatements="18" conditionals="8" coveredconditionals="7" methods="3" coveredmethods="3"/>
      <line num="1" count="1" type="stmt"/>
      <line num="2" count="1" type="stmt"/>
      <line num="3" count="1" type="stmt"/>
      <line num="5" count="1" type="stmt"/>
      <line num="6" count="1" type="stmt"/>
      <line num="7" count="1" type="stmt"/>
      <line num="9" count="1" type="stmt"/>
      <line num="13" count="1" type="stmt"/>
      <line num="14" count="4" type="stmt"/>
      <line num="15" count="4" type="cond" truecount="2" falsecount="0"/>
      <line num="17" count="3" type="stmt"/>
      <line num="18" count="3" type="stmt"/>
      <line num="26" count="3" type="stmt"/>
      <line num="28" count="0" type="stmt"/>
      <line num="32" count="1" type="cond" truecount="1" falsecount="1"/>
      <line num="33" count="1" type="stmt"/>
      <line num="34" count="1" type="stmt"/>
      <line num="35" count="1" type="cond" truecount="2" falsecount="0"/>
      <line num="38" count="1" type="stmt"/>
    </file>
  </project>
</coverage>
