{"/Users/dani.widodo/Documents/repos/node-elasticsearch-kibana/elasticsearch.js": {"path":"/Users/dani.widodo/Documents/repos/node-elasticsearch-kibana/elasticsearch.js","statementMap":{"0":{"start":{"line":2,"column":19},"end":{"line":2,"column":52}},"1":{"start":{"line":4,"column":13},"end":{"line":4,"column":17}},"2":{"start":{"line":6,"column":18},"end":{"line":13,"column":1}},"3":{"start":{"line":7,"column":2},"end":{"line":11,"column":3}},"4":{"start":{"line":8,"column":4},"end":{"line":10,"column":7}},"5":{"start":{"line":12,"column":2},"end":{"line":12,"column":16}},"6":{"start":{"line":15,"column":20},"end":{"line":20,"column":1}},"7":{"start":{"line":16,"column":2},"end":{"line":19,"column":3}},"8":{"start":{"line":17,"column":4},"end":{"line":17,"column":25}},"9":{"start":{"line":18,"column":4},"end":{"line":18,"column":18}},"10":{"start":{"line":22,"column":0},"end":{"line":22,"column":44}}},"fnMap":{"0":{"name":"(anonymous_0)","decl":{"start":{"line":6,"column":18},"end":{"line":6,"column":19}},"loc":{"start":{"line":6,"column":24},"end":{"line":13,"column":1}},"line":6},"1":{"name":"(anonymous_1)","decl":{"start":{"line":15,"column":20},"end":{"line":15,"column":21}},"loc":{"start":{"line":15,"column":32},"end":{"line":20,"column":1}},"line":15}},"branchMap":{"0":{"loc":{"start":{"line":7,"column":2},"end":{"line":11,"column":3}},"type":"if","locations":[{"start":{"line":7,"column":2},"end":{"line":11,"column":3}},{"start":{},"end":{}}],"line":7},"1":{"loc":{"start":{"line":9,"column":12},"end":{"line":9,"column":68}},"type":"binary-expr","locations":[{"start":{"line":9,"column":12},"end":{"line":9,"column":41}},{"start":{"line":9,"column":45},"end":{"line":9,"column":68}}],"line":9},"2":{"loc":{"start":{"line":16,"column":2},"end":{"line":19,"column":3}},"type":"if","locations":[{"start":{"line":16,"column":2},"end":{"line":19,"column":3}},{"start":{},"end":{}}],"line":16}},"s":{"0":1,"1":1,"2":1,"3":1,"4":1,"5":1,"6":1,"7":1,"8":1,"9":1,"10":1},"f":{"0":1,"1":1},"b":{"0":[1,0],"1":[1,1],"2":[1,0]},"_coverageSchema":"1a1c01bbd47fc00a2c39e90264f33305004495a9","hash":"95eb3fc0ff23c12e4087dc03af3c88d5ec449bb4"}
,"/Users/dani.widodo/Documents/repos/node-elasticsearch-kibana/server.js": {"path":"/Users/dani.widodo/Documents/repos/node-elasticsearch-kibana/server.js","statementMap":{"0":{"start":{"line":1,"column":16},"end":{"line":1,"column":34}},"1":{"start":{"line":2,"column":19},"end":{"line":2,"column":52}},"2":{"start":{"line":3,"column":13},"end":{"line":3,"column":28}},"3":{"start":{"line":5,"column":12},"end":{"line":5,"column":21}},"4":{"start":{"line":6,"column":0},"end":{"line":6,"column":16}},"5":{"start":{"line":7,"column":0},"end":{"line":7,"column":24}},"6":{"start":{"line":9,"column":17},"end":{"line":11,"column":2}},"7":{"start":{"line":13,"column":0},"end":{"line":30,"column":3}},"8":{"start":{"line":14,"column":16},"end":{"line":14,"column":27}},"9":{"start":{"line":15,"column":2},"end":{"line":15,"column":46}},"10":{"start":{"line":15,"column":14},"end":{"line":15,"column":46}},"11":{"start":{"line":17,"column":2},"end":{"line":29,"column":3}},"12":{"start":{"line":18,"column":21},"end":{"line":25,"column":6}},"13":{"start":{"line":26,"column":4},"end":{"line":26,"column":55}},"14":{"start":{"line":26,"column":36},"end":{"line":26,"column":52}},"15":{"start":{"line":28,"column":4},"end":{"line":28,"column":51}},"16":{"start":{"line":32,"column":13},"end":{"line":32,"column":58}},"17":{"start":{"line":33,"column":15},"end":{"line":36,"column":2}},"18":{"start":{"line":34,"column":2},"end":{"line":34,"column":51}},"19":{"start":{"line":35,"column":2},"end":{"line":35,"column":107}},"20":{"start":{"line":38,"column":0},"end":{"line":38,"column":33}}},"fnMap":{"0":{"name":"(anonymous_0)","decl":{"start":{"line":13,"column":20},"end":{"line":13,"column":21}},"loc":{"start":{"line":13,"column":40},"end":{"line":30,"column":1}},"line":13},"1":{"name":"(anonymous_1)","decl":{"start":{"line":26,"column":27},"end":{"line":26,"column":28}},"loc":{"start":{"line":26,"column":36},"end":{"line":26,"column":52}},"line":26},"2":{"name":"(anonymous_2)","decl":{"start":{"line":33,"column":32},"end":{"line":33,"column":33}},"loc":{"start":{"line":33,"column":38},"end":{"line":36,"column":1}},"line":33}},"branchMap":{"0":{"loc":{"start":{"line":10,"column":8},"end":{"line":10,"column":64}},"type":"binary-expr","locations":[{"start":{"line":10,"column":8},"end":{"line":10,"column":37}},{"start":{"line":10,"column":41},"end":{"line":10,"column":64}}],"line":10},"1":{"loc":{"start":{"line":15,"column":2},"end":{"line":15,"column":46}},"type":"if","locations":[{"start":{"line":15,"column":2},"end":{"line":15,"column":46}},{"start":{},"end":{}}],"line":15},"2":{"loc":{"start":{"line":32,"column":13},"end":{"line":32,"column":58}},"type":"cond-expr","locations":[{"start":{"line":32,"column":47},"end":{"line":32,"column":51}},{"start":{"line":32,"column":54},"end":{"line":32,"column":58}}],"line":32},"3":{"loc":{"start":{"line":35,"column":47},"end":{"line":35,"column":103}},"type":"binary-expr","locations":[{"start":{"line":35,"column":47},"end":{"line":35,"column":76}},{"start":{"line":35,"column":80},"end":{"line":35,"column":103}}],"line":35}},"s":{"0":1,"1":1,"2":1,"3":1,"4":1,"5":1,"6":1,"7":1,"8":4,"9":4,"10":1,"11":3,"12":3,"13":3,"14":2,"15":0,"16":1,"17":1,"18":1,"19":1,"20":1},"f":{"0":4,"1":2,"2":1},"b":{"0":[1,1],"1":[1,3],"2":[1,0],"3":[1,1]},"_coverageSchema":"1a1c01bbd47fc00a2c39e90264f33305004495a9","hash":"4d92fdef1916a0d1f496398ce30f64500dd2d6f6"}
}
