TN:
SF:elasticsearch.js
FN:6,(anonymous_0)
FN:15,(anonymous_1)
FNF:2
FNH:2
FNDA:1,(anonymous_0)
FNDA:1,(anonymous_1)
DA:2,1
DA:4,1
DA:6,1
DA:7,1
DA:8,1
DA:12,1
DA:15,1
DA:16,1
DA:17,1
DA:18,1
DA:22,1
LF:11
LH:11
BRDA:7,0,0,1
BRDA:7,0,1,0
BRDA:9,1,0,1
BRDA:9,1,1,1
BRDA:16,2,0,1
BRDA:16,2,1,0
BRF:6
BRH:4
end_of_record
TN:
SF:server.js
FN:13,(anonymous_0)
FN:26,(anonymous_1)
FN:33,(anonymous_2)
FNF:3
FNH:3
FNDA:4,(anonymous_0)
FNDA:2,(anonymous_1)
FNDA:1,(anonymous_2)
DA:1,1
DA:2,1
DA:3,1
DA:5,1
DA:6,1
DA:7,1
DA:9,1
DA:13,1
DA:14,4
DA:15,4
DA:17,3
DA:18,3
DA:26,3
DA:28,0
DA:32,1
DA:33,1
DA:34,1
DA:35,1
DA:38,1
LF:19
LH:18
BRDA:10,0,0,1
BRDA:10,0,1,1
BRDA:15,1,0,1
BRDA:15,1,1,3
BRDA:32,2,0,1
BRDA:32,2,1,0
BRDA:35,3,0,1
BRDA:35,3,1,1
BRF:8
BRH:7
end_of_record
