TN:
SF:elasticsearch.js
FN:6,(anonymous_0)
FN:15,(anonymous_1)
FNF:2
FNH:2
FNDA:1,(anonymous_0)
FNDA:1,(anonymous_1)
DA:2,1
DA:4,1
DA:6,1
DA:7,1
DA:8,1
DA:12,1
DA:15,1
DA:16,1
DA:17,1
DA:18,1
DA:22,1
LF:11
LH:11
BRDA:7,0,0,1
BRDA:7,0,1,0
BRDA:9,1,0,1
BRDA:9,1,1,1
BRDA:16,2,0,1
BRDA:16,2,1,0
BRF:6
BRH:4
end_of_record
TN:
SF:server.js
FN:11,(anonymous_0)
FN:25,(anonymous_1)
FN:31,(anonymous_2)
FNF:3
FNH:2
FNDA:4,(anonymous_0)
FNDA:2,(anonymous_1)
FNDA:0,(anonymous_2)
DA:1,1
DA:2,1
DA:3,1
DA:5,1
DA:6,1
DA:7,1
DA:9,1
DA:11,1
DA:12,4
DA:13,4
DA:15,2
DA:16,2
DA:25,2
DA:27,0
DA:31,1
DA:33,1
LF:16
LH:15
BRDA:9,0,0,1
BRDA:9,0,1,1
BRDA:13,1,0,2
BRDA:13,1,1,2
BRF:4
BRH:4
end_of_record
